/home/kvadner/.conda/envs/pytorch/lib/python3.12/site-packages/sklearn/metrics/_classification.py:1531: UndefinedMetricWarning: Precision is ill-defined and being set to 0.0 in labels with no predicted samples. Use `zero_division` parameter to control this behavior.
  _warn_prf(average, modifier, f"{metric.capitalize()} is", len(result))
/home/kvadner/.conda/envs/pytorch/lib/python3.12/site-packages/sklearn/metrics/_classification.py:1531: UndefinedMetricWarning: Precision is ill-defined and being set to 0.0 in labels with no predicted samples. Use `zero_division` parameter to control this behavior.
  _warn_prf(average, modifier, f"{metric.capitalize()} is", len(result))
/home/kvadner/.conda/envs/pytorch/lib/python3.12/site-packages/sklearn/metrics/_classification.py:1531: UndefinedMetricWarning: Precision is ill-defined and being set to 0.0 in labels with no predicted samples. Use `zero_division` parameter to control this behavior.
  _warn_prf(average, modifier, f"{metric.capitalize()} is", len(result))
/home/kvadner/.conda/envs/pytorch/lib/python3.12/site-packages/sklearn/metrics/_classification.py:1531: UndefinedMetricWarning: Precision is ill-defined and being set to 0.0 in labels with no predicted samples. Use `zero_division` parameter to control this behavior.
  _warn_prf(average, modifier, f"{metric.capitalize()} is", len(result))
/home/kvadner/.conda/envs/pytorch/lib/python3.12/site-packages/sklearn/metrics/_classification.py:1531: UndefinedMetricWarning: Precision is ill-defined and being set to 0.0 in labels with no predicted samples. Use `zero_division` parameter to control this behavior.
  _warn_prf(average, modifier, f"{metric.capitalize()} is", len(result))
/home/kvadner/.conda/envs/pytorch/lib/python3.12/site-packages/sklearn/metrics/_classification.py:1531: UndefinedMetricWarning: Precision is ill-defined and being set to 0.0 in labels with no predicted samples. Use `zero_division` parameter to control this behavior.
  _warn_prf(average, modifier, f"{metric.capitalize()} is", len(result))
/home/kvadner/.conda/envs/pytorch/lib/python3.12/site-packages/sklearn/metrics/_classification.py:1531: UndefinedMetricWarning: Precision is ill-defined and being set to 0.0 in labels with no predicted samples. Use `zero_division` parameter to control this behavior.
  _warn_prf(average, modifier, f"{metric.capitalize()} is", len(result))
/home/kvadner/.conda/envs/pytorch/lib/python3.12/site-packages/sklearn/metrics/_classification.py:1531: UndefinedMetricWarning: Precision is ill-defined and being set to 0.0 in labels with no predicted samples. Use `zero_division` parameter to control this behavior.
  _warn_prf(average, modifier, f"{metric.capitalize()} is", len(result))
/home/kvadner/.conda/envs/pytorch/lib/python3.12/site-packages/sklearn/metrics/_classification.py:1531: UndefinedMetricWarning: Precision is ill-defined and being set to 0.0 in labels with no predicted samples. Use `zero_division` parameter to control this behavior.
  _warn_prf(average, modifier, f"{metric.capitalize()} is", len(result))
/home/kvadner/.conda/envs/pytorch/lib/python3.12/site-packages/sklearn/metrics/_classification.py:1531: UndefinedMetricWarning: Precision is ill-defined and being set to 0.0 in labels with no predicted samples. Use `zero_division` parameter to control this behavior.
  _warn_prf(average, modifier, f"{metric.capitalize()} is", len(result))
/home/kvadner/.conda/envs/pytorch/lib/python3.12/site-packages/sklearn/metrics/_classification.py:1531: UndefinedMetricWarning: Precision is ill-defined and being set to 0.0 in labels with no predicted samples. Use `zero_division` parameter to control this behavior.
  _warn_prf(average, modifier, f"{metric.capitalize()} is", len(result))
/home/kvadner/.conda/envs/pytorch/lib/python3.12/site-packages/sklearn/metrics/_classification.py:1531: UndefinedMetricWarning: Precision is ill-defined and being set to 0.0 in labels with no predicted samples. Use `zero_division` parameter to control this behavior.
  _warn_prf(average, modifier, f"{metric.capitalize()} is", len(result))
/home/kvadner/.conda/envs/pytorch/lib/python3.12/site-packages/sklearn/metrics/_classification.py:1531: UndefinedMetricWarning: Precision is ill-defined and being set to 0.0 in labels with no predicted samples. Use `zero_division` parameter to control this behavior.
  _warn_prf(average, modifier, f"{metric.capitalize()} is", len(result))
/home/kvadner/.conda/envs/pytorch/lib/python3.12/site-packages/sklearn/metrics/_classification.py:1531: UndefinedMetricWarning: Precision is ill-defined and being set to 0.0 in labels with no predicted samples. Use `zero_division` parameter to control this behavior.
  _warn_prf(average, modifier, f"{metric.capitalize()} is", len(result))
/home/kvadner/.conda/envs/pytorch/lib/python3.12/site-packages/sklearn/metrics/_classification.py:1531: UndefinedMetricWarning: Precision is ill-defined and being set to 0.0 in labels with no predicted samples. Use `zero_division` parameter to control this behavior.
  _warn_prf(average, modifier, f"{metric.capitalize()} is", len(result))
/home/kvadner/.conda/envs/pytorch/lib/python3.12/site-packages/sklearn/metrics/_classification.py:1531: UndefinedMetricWarning: Precision is ill-defined and being set to 0.0 in labels with no predicted samples. Use `zero_division` parameter to control this behavior.
  _warn_prf(average, modifier, f"{metric.capitalize()} is", len(result))
/home/kvadner/.conda/envs/pytorch/lib/python3.12/site-packages/sklearn/metrics/_classification.py:1531: UndefinedMetricWarning: Precision is ill-defined and being set to 0.0 in labels with no predicted samples. Use `zero_division` parameter to control this behavior.
  _warn_prf(average, modifier, f"{metric.capitalize()} is", len(result))
/home/kvadner/.conda/envs/pytorch/lib/python3.12/site-packages/sklearn/metrics/_classification.py:1531: UndefinedMetricWarning: Precision is ill-defined and being set to 0.0 in labels with no predicted samples. Use `zero_division` parameter to control this behavior.
  _warn_prf(average, modifier, f"{metric.capitalize()} is", len(result))
/home/kvadner/.conda/envs/pytorch/lib/python3.12/site-packages/sklearn/metrics/_classification.py:1531: UndefinedMetricWarning: Precision is ill-defined and being set to 0.0 in labels with no predicted samples. Use `zero_division` parameter to control this behavior.
  _warn_prf(average, modifier, f"{metric.capitalize()} is", len(result))
/home/kvadner/.conda/envs/pytorch/lib/python3.12/site-packages/sklearn/metrics/_classification.py:1531: UndefinedMetricWarning: Precision is ill-defined and being set to 0.0 in labels with no predicted samples. Use `zero_division` parameter to control this behavior.
  _warn_prf(average, modifier, f"{metric.capitalize()} is", len(result))
/home/kvadner/.conda/envs/pytorch/lib/python3.12/site-packages/sklearn/metrics/_classification.py:1531: UndefinedMetricWarning: Precision is ill-defined and being set to 0.0 in labels with no predicted samples. Use `zero_division` parameter to control this behavior.
  _warn_prf(average, modifier, f"{metric.capitalize()} is", len(result))
/home/kvadner/.conda/envs/pytorch/lib/python3.12/site-packages/sklearn/metrics/_classification.py:1531: UndefinedMetricWarning: Precision is ill-defined and being set to 0.0 in labels with no predicted samples. Use `zero_division` parameter to control this behavior.
  _warn_prf(average, modifier, f"{metric.capitalize()} is", len(result))
/home/kvadner/.conda/envs/pytorch/lib/python3.12/site-packages/sklearn/metrics/_classification.py:1531: UndefinedMetricWarning: Precision is ill-defined and being set to 0.0 in labels with no predicted samples. Use `zero_division` parameter to control this behavior.
  _warn_prf(average, modifier, f"{metric.capitalize()} is", len(result))

Processing condition: Nominal
Loaded 1591 sequences

Processing condition: Noisy_Camera
Loaded 1281 sequences

Processing condition: Noisy_IMU
Loaded 1751 sequences

Processing condition: Noisy_Lidar
Loaded 901 sequences

Total features collected across all conditions: 5288

=== Multi-class Classification ===

Initial data distribution:
Condition Noisy_Camera: 1222 samples
Condition Noisy_IMU: 1692 samples
Condition Noisy_Lidar: 842 samples
Condition Nominal: 1532 samples

Sample distribution in splits:
Training set:
Condition Noisy_Camera: 978 samples
Condition Noisy_IMU: 1353 samples
Condition Noisy_Lidar: 674 samples
Condition Nominal: 1225 samples

Test set:
Condition Noisy_Lidar: 168 samples
Condition Nominal: 307 samples
Condition Noisy_IMU: 339 samples
Condition Noisy_Camera: 244 samples

=== Binary Classification ===

Initial data distribution:
Class Fault: 3756 samples
Class Nominal: 1532 samples

Sample distribution in splits:
Training set:
Class Fault: 3005 samples
Class Nominal: 1225 samples

Test set:
Class Fault: 751 samples
Class Nominal: 307 samples

=== Dataset Statistics ===
+------------------------+---------+
| Metric                 |   Value |
+========================+=========+
| Total Training Samples |    4230 |
+------------------------+---------+
| Total Test Samples     |    1058 |
+------------------------+---------+
| Number of Features     |     160 |
+------------------------+---------+

Label Distribution:
+--------------+---------------+--------------+---------+
| Label        |   Train Count |   Test Count |   Total |
+==============+===============+==============+=========+
| Noisy_Camera |           195 |           48 |     243 |
+--------------+---------------+--------------+---------+
| Noisy_IMU    |           271 |           67 |     338 |
+--------------+---------------+--------------+---------+
| Noisy_Lidar  |           134 |           33 |     167 |
+--------------+---------------+--------------+---------+
| Nominal      |           245 |           61 |     306 |
+--------------+---------------+--------------+---------+

==================== Multi-class Classification Results ====================

Cross-validation Results (Training Set):
+-----------+----------------------+
| Metric    | Value (mean ± std)   |
+===========+======================+
| Accuracy  | 0.571 ± 0.007        |
+-----------+----------------------+
| F1        | 0.434 ± 0.006        |
+-----------+----------------------+
| Precision | 0.354 ± 0.005        |
+-----------+----------------------+
| Recall    | 0.571 ± 0.007        |
+-----------+----------------------+

Data Split Information:
+----------------+--------+
| Split          |   Size |
+================+========+
| Train set size |   4230 |
+----------------+--------+
| Test set size  |   1058 |
+----------------+--------+

Test Set Results:
              precision    recall  f1-score   support

Noisy_Camera       0.00      0.00      0.00       244
   Noisy_IMU       0.65      0.92      0.76       339
 Noisy_Lidar       0.00      0.00      0.00       168
     Nominal       0.53      1.00      0.69       307

    accuracy                           0.59      1058
   macro avg       0.30      0.48      0.36      1058
weighted avg       0.36      0.59      0.45      1058


Top 10 Most Important Features:
+----------------------------------+--------------+
| feature                          |   importance |
+==================================+==============+
| object_distance_cusum_max        |         0.12 |
+----------------------------------+--------------+
| traffic_light_detected_cusum_max |         0.1  |
+----------------------------------+--------------+
| velocity_x_cusum_max             |         0.08 |
+----------------------------------+--------------+
| position_y_cusum_max             |         0.08 |
+----------------------------------+--------------+
| acceleration_cusum_max           |         0.08 |
+----------------------------------+--------------+
| acceleration_cusum_mean          |         0.06 |
+----------------------------------+--------------+
| steering_cusum_max               |         0.06 |
+----------------------------------+--------------+
| position_y_cusum_mean            |         0.06 |
+----------------------------------+--------------+
| object_distance_cusum_mean       |         0.04 |
+----------------------------------+--------------+
| velocity_y_cusum_max             |         0.04 |
+----------------------------------+--------------+

==================== Binary Classification Results ====================

Cross-validation Results (Training Set):
+-----------+----------------------+
| Metric    | Value (mean ± std)   |
+===========+======================+
| Accuracy  | 0.879 ± 0.013        |
+-----------+----------------------+
| F1        | 0.884 ± 0.013        |
+-----------+----------------------+
| Precision | 0.915 ± 0.007        |
+-----------+----------------------+
| Recall    | 0.879 ± 0.013        |
+-----------+----------------------+

Data Split Information:
+----------------+--------+
| Split          |   Size |
+================+========+
| Train set size |   4230 |
+----------------+--------+
| Test set size  |   1058 |
+----------------+--------+

Test Set Results:
              precision    recall  f1-score   support

       Fault       1.00      0.89      0.94       751
     Nominal       0.78      1.00      0.88       307

    accuracy                           0.92      1058
   macro avg       0.89      0.94      0.91      1058
weighted avg       0.94      0.92      0.92      1058


Top 10 Most Important Features:
+-----------------------------------+--------------+
| feature                           |   importance |
+===================================+==============+
| acceleration_cusum_mean           |         0.1  |
+-----------------------------------+--------------+
| traffic_light_detected_cusum_max  |         0.1  |
+-----------------------------------+--------------+
| position_y_cusum_mean             |         0.08 |
+-----------------------------------+--------------+
| velocity_x_cusum_max              |         0.07 |
+-----------------------------------+--------------+
| object_distance_cusum_max         |         0.07 |
+-----------------------------------+--------------+
| acceleration_cusum_max            |         0.06 |
+-----------------------------------+--------------+
| steering_cusum_mean               |         0.06 |
+-----------------------------------+--------------+
| position_y_cusum_max              |         0.06 |
+-----------------------------------+--------------+
| object_distance_cusum_mean        |         0.05 |
+-----------------------------------+--------------+
| traffic_light_detected_cusum_mean |         0.04 |
+-----------------------------------+--------------+
